<?xml version="1.0" encoding="UTF-8"?>
<testsuite xmlns:xsi="http://www.w3.org/2001/XMLSchema-instance" xsi:noNamespaceSchemaLocation="https://maven.apache.org/surefire/maven-surefire-plugin/xsd/surefire-test-report.xsd" name="fr.epita.assistant.seq.ExtendedStreamTest" time="0.077" tests="13" errors="0" skipped="0" failures="0">
  <properties>
[...]
</properties>
  <testcase name="toSetWithSet" classname="fr.epita.assistant.seq.ExtendedStreamTest" time="0.027"/>
  <testcase name="toMapKey" classname="fr.epita.assistant.seq.ExtendedStreamTest" time="0.003"/>
  <testcase name="partition" classname="fr.epita.assistant.seq.ExtendedStreamTest" time="0.007"/>
  <testcase name="toMapKeyValueMap" classname="fr.epita.assistant.seq.ExtendedStreamTest" time="0.003"/>
  <testcase name="toMapKeyValue" classname="fr.epita.assistant.seq.ExtendedStreamTest" time="0.003"/>
  <testcase name="toList" classname="fr.epita.assistant.seq.ExtendedStreamTest" time="0.002"/>
  <testcase name="toListWithList" classname="fr.epita.assistant.seq.ExtendedStreamTest" time="0.001"/>
  <testcase name="associateWithSupplier" classname="fr.epita.assistant.seq.ExtendedStreamTest" time="0.003"/>
  <testcase name="join" classname="fr.epita.assistant.seq.ExtendedStreamTest" time="0.001"/>
  <testcase name="plus" classname="fr.epita.assistant.seq.ExtendedStreamTest" time="0.002"/>
  <testcase name="toSet" classname="fr.epita.assistant.seq.ExtendedStreamTest" time="0.002"/>
  <testcase name="associateWithStream" classname="fr.epita.assistant.seq.ExtendedStreamTest" time="0.001"/>
  <testcase name="joinWithDelimiter" classname="fr.epita.assistant.seq.ExtendedStreamTest" time="0.003"/>
</testsuite>