<?xml version="1.0" encoding="UTF-8"?>
<testsuite xmlns:xsi="http://www.w3.org/2001/XMLSchema-instance" xsi:noNamespaceSchemaLocation="https://maven.apache.org/surefire/maven-surefire-plugin/xsd/surefire-test-report.xsd" name="fr.epita.assistant.seq.ExtendedStreamTest" time="0.091" tests="13" errors="7" skipped="0" failures="1">
  <properties>
[...]
</properties>
  <testcase name="toSetWithSet" classname="fr.epita.assistant.seq.ExtendedStreamTest" time="0.021"/>
  <testcase name="toMapKey" classname="fr.epita.assistant.seq.ExtendedStreamTest" time="0.008">
    <error message="Cannot invoke &quot;java.util.Map.size()&quot; because &quot;map&quot; is null" type="java.lang.NullPointerException">java.lang.NullPointerException: Cannot invoke "java.util.Map.size()" because "map" is null
	at fr.epita.assistant.seq.ExtendedStreamTest.lambda$toMapKey$3(ExtendedStreamTest.java:76)
</error>
  </testcase>
  <testcase name="partition" classname="fr.epita.assistant.seq.ExtendedStreamTest" time="0.003">
    <error message="Cannot invoke &quot;fr.epita.assistant.seq.ExtendedStream.plus(java.util.stream.Stream)&quot; because &quot;l.second&quot; is null" type="java.lang.NullPointerException">java.lang.NullPointerException: Cannot invoke "fr.epita.assistant.seq.ExtendedStream.plus(java.util.stream.Stream)" because "l.second" is null
	at fr.epita.assistant.seq.ExtendedStreamTest.lambda$partition$14(ExtendedStreamTest.java:199)
</error>
  </testcase>
  <testcase name="toMapKeyValueMap" classname="fr.epita.assistant.seq.ExtendedStreamTest" time="0.003">
    <error message="Cannot invoke &quot;java.util.Map.size()&quot; because &quot;map&quot; is null" type="java.lang.NullPointerException">java.lang.NullPointerException: Cannot invoke "java.util.Map.size()" because "map" is null
	at fr.epita.assistant.seq.ExtendedStreamTest.lambda$toMapKeyValueMap$2(ExtendedStreamTest.java:63)
</error>
  </testcase>
  <testcase name="toMapKeyValue" classname="fr.epita.assistant.seq.ExtendedStreamTest" time="0.005">
    <error message="Cannot invoke &quot;java.util.Map.size()&quot; because &quot;map&quot; is null" type="java.lang.NullPointerException">java.lang.NullPointerException: Cannot invoke "java.util.Map.size()" because "map" is null
	at fr.epita.assistant.seq.ExtendedStreamTest.lambda$toMapKeyValue$0(ExtendedStreamTest.java:49)
</error>
  </testcase>
  <testcase name="toList" classname="fr.epita.assistant.seq.ExtendedStreamTest" time="0.003"/>
  <testcase name="toListWithList" classname="fr.epita.assistant.seq.ExtendedStreamTest" time="0.006"/>
  <testcase name="associateWithSupplier" classname="fr.epita.assistant.seq.ExtendedStreamTest" time="0.001">
    <error message="Cannot invoke &quot;fr.epita.assistant.seq.ExtendedStream.toList()&quot; because the return value of &quot;fr.epita.assistant.seq.ExtendedStream.associate(java.util.function.Supplier)&quot; is null" type="java.lang.NullPointerException">java.lang.NullPointerException: Cannot invoke "fr.epita.assistant.seq.ExtendedStream.toList()" because the return value of "fr.epita.assistant.seq.ExtendedStream.associate(java.util.function.Supplier)" is null
	at fr.epita.assistant.seq.ExtendedStreamTest.lambda$associateWithSupplier$8(ExtendedStreamTest.java:147)
</error>
  </testcase>
  <testcase name="join" classname="fr.epita.assistant.seq.ExtendedStreamTest" time="0.002"/>
  <testcase name="plus" classname="fr.epita.assistant.seq.ExtendedStreamTest" time="0.002">
    <error message="Cannot invoke &quot;fr.epita.assistant.seq.ExtendedStream.join()&quot; because &quot;es&quot; is null" type="java.lang.NullPointerException">java.lang.NullPointerException: Cannot invoke "fr.epita.assistant.seq.ExtendedStream.join()" because "es" is null
	at fr.epita.assistant.seq.ExtendedStreamTest.lambda$plus$10(ExtendedStreamTest.java:175)
</error>
  </testcase>
  <testcase name="toSet" classname="fr.epita.assistant.seq.ExtendedStreamTest" time="0.001"/>
  <testcase name="associateWithStream" classname="fr.epita.assistant.seq.ExtendedStreamTest" time="0.002">
    <error message="Cannot invoke &quot;fr.epita.assistant.seq.ExtendedStream.toList()&quot; because the return value of &quot;fr.epita.assistant.seq.ExtendedStream.associate(java.util.stream.Stream)&quot; is null" type="java.lang.NullPointerException">java.lang.NullPointerException: Cannot invoke "fr.epita.assistant.seq.ExtendedStream.toList()" because the return value of "fr.epita.assistant.seq.ExtendedStream.associate(java.util.stream.Stream)" is null
	at fr.epita.assistant.seq.ExtendedStreamTest.lambda$associateWithStream$9(ExtendedStreamTest.java:162)
</error>
  </testcase>
  <testcase name="joinWithDelimiter" classname="fr.epita.assistant.seq.ExtendedStreamTest" time="0.002">
    <failure message="expected: &lt;a-b-c-d-e-f&gt; but was: &lt;a-b-c-d-e-f-&gt;" type="org.opentest4j.AssertionFailedError"><![CDATA[org.opentest4j.AssertionFailedError: expected: <a-b-c-d-e-f> but was: <a-b-c-d-e-f->
	at fr.epita.assistant.seq.ExtendedStreamTest.lambda$joinWithDelimiter$12(ExtendedStreamTest.java:191)
]]></failure>
  </testcase>
</testsuite>